2018-05-28 14:41:27.550 INFO: Start to select browser name from properties file
2018-05-28 14:41:27.554 INFO: Your had select test browser type is: Chrome
2018-05-28 14:41:27.554 INFO: The test server URL is: http://www.onecc.net/login
2018-05-28 14:41:33.227 INFO: Launching Chrome ...
2018-05-28 14:41:37.758 INFO: Open URL: http://www.onecc.net/login
2018-05-28 14:41:38.912 INFO: Maximize browser...
2018-05-28 14:41:38.917 INFO: Wait for 5 seconds.
2018-05-28 14:41:39.028 INFO: 鼠标单击元素: 登录。
2018-05-28 14:41:40.363 INFO: 输入框填写: zhanghao@citycloud.com.cn.
2018-05-28 14:41:41.524 INFO: 输入框填写: Cci@123.
2018-05-28 14:41:41.618 INFO: 鼠标单击元素: 登录。
2018-05-28 14:41:43.487 INFO: ***执行immediateMeeting***
2018-05-28 14:41:44.180 INFO: 鼠标单击元素: 组织会议。
2018-05-28 14:41:44.808 INFO: 鼠标单击元素: 立即开会。
2018-05-28 14:41:46.485 INFO: 输入框填写: Auto-测试会议144143.
2018-05-28 14:41:46.569 INFO: 鼠标单击元素: 。
2018-05-28 14:41:46.803 INFO: 鼠标单击元素: 开始。
2018-05-28 14:41:48.885 INFO: 等待2秒。
2018-05-28 14:41:48.890 INFO: ***执行LogOut***
2018-05-28 14:41:49.156 INFO: 鼠标单击元素: 组织会议。
2018-05-28 14:41:50.215 INFO: 等待1秒。
2018-05-28 14:41:53.123 INFO: 鼠标单击元素: 。
